Arguments: 
  C:\Program Files\nodejs\node.exe C:\Users\ishika\AppData\Roaming\npm\node_modules\yarn\bin\yarn.js start

PATH: 
  C:\Program Files\Common Files\Oracle\Java\javapath;"C:\Program Files (x86)\Intel\Intel(R) Management Engine Components\iCLS\;C:\Program Files\Java\jdk-12.0.2\bin";C:\Program Files\Intel\Intel(R) Management Engine Components\iCLS\;C:\WINDOWS\system32;C:\WINDOWS;C:\WINDOWS\System32\Wbem;C:\WINDOWS\System32\WindowsPowerShell\v1.0\;C:\Program Files (x86)\Intel\Intel(R) Management Engine Components\DAL;C:\Program Files\Intel\Intel(R) Management Engine Components\DAL;C:\Program Files (x86)\Intel\Intel(R) Management Engine Components\IPT;C:\Program Files\Intel\Intel(R) Management Engine Components\IPT;C:\WINDOWS\System32\OpenSSH\;C:\Program Files\nodejs\;C:\Program Files\Git\cmd;C:\Program Files\Java\jdk-12.0.2\bin;C:\Users\ishika\AppData\Local\Microsoft\WindowsApps;C:\Users\ishika\AppData\Local\Programs\Microsoft VS Code\bin;C:\Users\ishika\AppData\Roaming\npm;C:\Users\ishika\AppData\Local\atom\bin

Yarn version: 
  1.22.10

Node version: 
  14.15.1

Platform: 
  win32 x64

Trace: 
  SyntaxError: C:\Users\ishika\Desktop\react-blog\package.json: Unexpected token y in JSON at position 290
      at JSON.parse (<anonymous>)
      at C:\Users\ishika\AppData\Roaming\npm\node_modules\yarn\lib\cli.js:1625:59
      at Generator.next (<anonymous>)
      at step (C:\Users\ishika\AppData\Roaming\npm\node_modules\yarn\lib\cli.js:310:30)
      at C:\Users\ishika\AppData\Roaming\npm\node_modules\yarn\lib\cli.js:321:13

npm manifest: 
  {
    "dependencies": {
      "bcrypt": "^5.0.1",
      "dotenv": "^10.0.0",
      "express": "^4.17.1",
      "mongoose": "^5.12.13",
      "multer": "^1.4.2"
    },
    "name": "api",
    "version": "1.0.0",
    "main": "index.js",
    "devDependencies": {},
    "scripts": {
      "start": "nodemon index.js"
    },yar
    "author": "",
    "license": "ISC",
    "description": "",
    "engines":{
      "node":"14.15.1"
    }
  }

yarn manifest: 
  No manifest

Lockfile: 
  No lockfile
